[LOG] System::create                           : Header version = 2.02.13. Current version = 2.02.13.
[LOG] Manager::init                            : maxchannels = 256 studioflags = 00000006 flags 00000000 extradriverdata 0000000000000000.
[LOG] SystemI::init                            : Initialize version=20213 (132591), maxchannels=256, flags=0x00020000
[LOG] SystemI::setOutputInternal               : Setting output to 'FMOD WASAPI Output'
[LOG] OutputWASAPI::init                       : Mix Format (WAVEFORMATEX): wFormatTag=0xFFFE, nChannels=2, nSamplesPerSec=48000, nAvgBytesPerSec=384000, nBlockAlign=8, wBitsPerSample=32, cbSize=22.
[LOG] OutputWASAPI::init                       : Mix Format (WAVEFORMATEXTENSIBLE): wValidBitsPerSample=32, dwChannelMask=0x00000003, SubFormat=00000003-0000-0010-8000-00AA00389B71.
[LOG] OutputWASAPI::init                       : Output buffer size: 4096 samples, latency: 0.00ms, period: 10.00ms, DSP buffer: 1024 * 4
[LOG] Thread::initThread                       : Init FMOD stream thread. Affinity: 0x4000000000000003, Priority: 0xFFFF7FFB, Stack Size: 98304, Semaphore: No, Sleep Time: 10, Looping: Yes.
[LOG] Thread::initThread                       : Init FMOD mixer thread. Affinity: 0x4000000000000001, Priority: 0xFFFF7FFA, Stack Size: 81920, Semaphore: No, Sleep Time: 0, Looping: Yes.
[LOG] AsyncManager::init                       : manager 0000024F8B984858 isAsync 0 updatePeriod 0.02
[LOG] AsyncManager::init                       : done
[LOG] PlaybackSystem::init                     : 
[LOG] Thread::initThread                       : Init FMOD Studio sample load thread. Affinity: 0x4000000000000003, Priority: 0xFFFF7FFD, Stack Size: 98304, Semaphore: No, Sleep Time: 1, Looping: No.
[LOG] PlaybackSystem::init                     : done
[LOG] Thread::initThread                       : Init FMOD Studio bank load thread. Affinity: 0x4000000000000003, Priority: 0xFFFF7FFD, Stack Size: 98304, Semaphore: No, Sleep Time: 1, Looping: No.
[LOG] Manager::init                            : done.
[LOG] Manager::readBank                        : fileversion = 142, compatVersion = 140 (oldest = 44, newest = 142)
[LOG] Manager::readBank                        : fileversion = 142, compatVersion = 140 (oldest = 44, newest = 142)
[LOG] Manager::readBank                        : fileversion = 142, compatVersion = 140 (oldest = 44, newest = 142)
[LOG] PlaybackSystem::acquireMasterBus         : Setting master channel group format to 6
[LOG] SoundI::release                          :  (0000024F46E46D88)
[LOG] SoundI::release                          :     F_S_03_03_horn (1) (0000024EF46CAD88)
[LOG] SoundI::release                          : F_S_03_03_siren (0000024F8C46A8B8)
[LOG] SoundI::release                          :     F_S_03_03_siren (0000024EE76939B8)
[LOG] SoundI::release                          :     F_S_03_03_siren (0000024EEE4F7C78)
[LOG] SoundI::release                          : AMB (0000024F8C46AF78)
[LOG] SoundI::release                          :     AMB (0000024EF71033D8)
[LOG] SoundI::release                          :     AMB (0000024EEE4F7AC8)
[LOG] SoundI::release                          :  (0000024F46E47908)
[LOG] SoundI::release                          :     F_S_03_03_horn (2) (0000024EF5136568)
[LOG] SoundI::release                          :  (0000024F46E47BE8)
[LOG] SoundI::release                          :     F_S_03_03_horn (3) (0000024EF51378E8)
[LOG] SoundI::release                          :  (0000024F46E47EC8)
[LOG] SoundI::release                          :     F_S_03_03_horn (0000024EF5136A48)
[LOG] SoundI::release                          :  (0000024F46E46EF8)
[LOG] SoundI::release                          :     CarSound, 4 MKH8020, Vehicles, traffic, cars, road, rural, singl (3), 4 MKH8020, Vehicles, traffic, cars, road, rural, singl (3) (0000024EF46CA228)
[LOG] SoundI::release                          :  (0000024F46E47D58)
[LOG] SoundI::release                          :     CarSound, F_S_03_03_car (5), F_S_03_03_car (5) (0000024EF5136088)
[LOG] SoundI::release                          :  (0000024F46E46938)
[LOG] SoundI::release                          :     CarSound, F_S_03_03_car (6), F_S_03_03_car (6) (0000024EF5136BE8)
[LOG] SoundI::release                          :  (0000024F46E47A78)
[LOG] SoundI::release                          :     CarSound, Old_Car_Short_Passby_04 (1), Old_Car_Short_Passby_04 (1) (0000024EF46CABE8)
[LOG] SoundI::release                          :  (0000024F46E46208)
[LOG] SoundI::release                          :     CarSound, Race Car,CTCC,Straight,By,Medium Slow,Growl (7), Race Car,CTCC,Straight,By,Medium Slow,Growl (7) (0000024EF46CA8A8)
[LOG] SoundI::release                          :  (0000024F46E464E8)
[LOG] SoundI::release                          :     CarSound, Race Car,USF2000,Turn 3,By,Decelerate,Fast,Choppy,Irre (8), Race Car,USF2000,Turn 3,By,Decelerate,Fast,Choppy,Irre (8) (0000024EF5136D88)
[LOG] Thread::callback                         : FMOD Studio update thread finished.
[LOG] Thread::callback                         : FMOD Studio bank load thread finished.
[LOG] Profile::disconnectAll                   : Profiler disconnecting all clients
[LOG] Thread::callback                         : FMOD Studio sample load thread finished.
[LOG] LiveUpdate::release                      : 
[LOG] LiveUpdate::reset                        : Reset connection (reason Disconnected)
[LOG] Thread::callback                         : FMOD stream thread finished.
[LOG] Thread::callback                         : FMOD mixer thread finished.
[LOG] Profile::disconnectAll                   : Profiler disconnecting all clients
[LOG] SystemI::close                           : Closed.
